2023-11-29 22:27:44,174 [ERROR] [SECURITY] - This is a sample security log message.
2023-11-29 22:27:44,174 [WARNING] [DATABASE] - This is a sample database log message.
2023-11-29 22:27:44,174 [WARNING] [DATABASE] - This is a sample database log message.
2023-11-29 22:27:44,174 [WARNING] [SECURITY] - This is a sample security log message.
2023-11-29 22:27:44,174 [INFO] [APPLICATION] - This is a sample application log message.
2023-11-29 22:27:44,175 [WARNING] [DATABASE] - This is a sample database log message.
2023-11-29 22:27:44,175 [ERROR] [NETWORK] - This is a sample network log message.
2023-11-29 22:27:44,175 [INFO] [SECURITY] - This is a sample security log message.
2023-11-29 22:27:44,175 [ERROR] [DATABASE] - This is a sample database log message.
2023-11-29 22:27:44,175 [ERROR] [SECURITY] - This is a sample security log message.
2023-11-29 22:27:44,175 [INFO] [NETWORK] - This is a sample network log message.
2023-11-29 22:27:44,175 [ERROR] [NETWORK] - This is a sample network log message.
2023-11-29 22:27:44,175 [WARNING] [NETWORK] - This is a sample network log message.
2023-11-29 22:27:44,175 [ERROR] [APPLICATION] - This is a sample application log message.
2023-11-29 22:27:44,175 [INFO] [DATABASE] - This is a sample database log message.
2023-11-29 22:27:44,175 [ERROR] [SECURITY] - This is a sample security log message.
2023-11-29 22:27:44,175 [ERROR] [DATABASE] - This is a sample database log message.
2023-11-29 22:27:44,175 [ERROR] [DATABASE] - This is a sample database log message.
2023-11-29 22:27:44,175 [ERROR] [NETWORK] - This is a sample network log message.
2023-11-29 22:27:44,175 [WARNING] [NETWORK] - This is a sample network log message.
2023-11-29 22:27:44,175 [INFO] [APPLICATION] - This is a sample application log message.
2023-11-29 22:27:44,175 [INFO] [SECURITY] - This is a sample security log message.
2023-11-29 22:27:44,175 [ERROR] [DATABASE] - This is a sample database log message.
2023-11-29 22:27:44,175 [ERROR] [APPLICATION] - This is a sample application log message.
2023-11-29 22:27:44,176 [WARNING] [APPLICATION] - This is a sample application log message.
2023-11-29 22:27:44,176 [INFO] [SECURITY] - This is a sample security log message.
2023-11-29 22:27:44,176 [ERROR] [DATABASE] - This is a sample database log message.
2023-11-29 22:27:44,176 [INFO] [NETWORK] - This is a sample network log message.
2023-11-29 22:27:44,176 [ERROR] [APPLICATION] - This is a sample application log message.
2023-11-29 22:27:44,176 [WARNING] [DATABASE] - This is a sample database log message.
2023-11-29 22:27:44,176 [ERROR] [NETWORK] - This is a sample network log message.
2023-11-29 22:27:44,176 [WARNING] [NETWORK] - This is a sample network log message.
2023-11-29 22:27:44,176 [INFO] [DATABASE] - This is a sample database log message.
2023-11-29 22:27:44,176 [WARNING] [APPLICATION] - This is a sample application log message.
2023-11-29 22:27:44,176 [ERROR] [NETWORK] - This is a sample network log message.
2023-11-29 22:27:44,176 [WARNING] [NETWORK] - This is a sample network log message.
2023-11-29 22:27:44,176 [INFO] [NETWORK] - This is a sample network log message.
2023-11-29 22:27:44,176 [ERROR] [NETWORK] - This is a sample network log message.
2023-11-29 22:27:44,176 [WARNING] [SECURITY] - This is a sample security log message.
2023-11-29 22:27:44,176 [WARNING] [DATABASE] - This is a sample database log message.
2023-11-29 22:27:44,176 [ERROR] [DATABASE] - This is a sample database log message.
2023-11-29 22:27:44,176 [INFO] [NETWORK] - This is a sample network log message.
2023-11-29 22:27:44,177 [INFO] [DATABASE] - This is a sample database log message.
2023-11-29 22:27:44,177 [WARNING] [SECURITY] - This is a sample security log message.
2023-11-29 22:27:44,177 [WARNING] [NETWORK] - This is a sample network log message.
2023-11-29 22:27:44,177 [WARNING] [APPLICATION] - This is a sample application log message.
2023-11-29 22:27:44,177 [WARNING] [DATABASE] - This is a sample database log message.
2023-11-29 22:27:44,177 [ERROR] [APPLICATION] - This is a sample application log message.
2023-11-29 22:27:44,177 [WARNING] [DATABASE] - This is a sample database log message.
2023-11-29 22:27:44,177 [WARNING] [SECURITY] - This is a sample security log message.
2023-11-29 22:27:44,177 [WARNING] [DATABASE] - This is a sample database log message.
2023-11-29 22:27:44,177 [WARNING] [DATABASE] - This is a sample database log message.
2023-11-29 22:27:44,177 [ERROR] [NETWORK] - This is a sample network log message.
2023-11-29 22:27:44,177 [ERROR] [NETWORK] - This is a sample network log message.
2023-11-29 22:27:44,177 [INFO] [NETWORK] - This is a sample network log message.
2023-11-29 22:27:44,177 [ERROR] [NETWORK] - This is a sample network log message.
2023-11-29 22:27:44,177 [INFO] [DATABASE] - This is a sample database log message.
2023-11-29 22:27:44,177 [WARNING] [SECURITY] - This is a sample security log message.
2023-11-29 22:27:44,177 [WARNING] [DATABASE] - This is a sample database log message.
2023-11-29 22:27:44,177 [WARNING] [DATABASE] - This is a sample database log message.
2023-11-29 22:27:44,177 [WARNING] [DATABASE] - This is a sample database log message.
2023-11-29 22:27:44,177 [ERROR] [SECURITY] - This is a sample security log message.
2023-11-29 22:27:44,177 [INFO] [SECURITY] - This is a sample security log message.
2023-11-29 22:27:44,177 [INFO] [APPLICATION] - This is a sample application log message.
2023-11-29 22:27:44,177 [INFO] [SECURITY] - This is a sample security log message.
2023-11-29 22:27:44,177 [ERROR] [APPLICATION] - This is a sample application log message.
2023-11-29 22:27:44,178 [ERROR] [SECURITY] - This is a sample security log message.
2023-11-29 22:27:44,178 [ERROR] [NETWORK] - This is a sample network log message.
2023-11-29 22:27:44,178 [WARNING] [NETWORK] - This is a sample network log message.
2023-11-29 22:27:44,178 [ERROR] [SECURITY] - This is a sample security log message.
2023-11-29 22:27:44,178 [ERROR] [SECURITY] - This is a sample security log message.
2023-11-29 22:27:44,178 [INFO] [APPLICATION] - This is a sample application log message.
2023-11-29 22:27:44,178 [INFO] [DATABASE] - This is a sample database log message.
2023-11-29 22:27:44,178 [WARNING] [DATABASE] - This is a sample database log message.
2023-11-29 22:27:44,178 [INFO] [APPLICATION] - This is a sample application log message.
2023-11-29 22:27:44,178 [ERROR] [DATABASE] - This is a sample database log message.
2023-11-29 22:27:44,178 [INFO] [NETWORK] - This is a sample network log message.
2023-11-29 22:27:44,178 [INFO] [APPLICATION] - This is a sample application log message.
2023-11-29 22:27:44,178 [WARNING] [APPLICATION] - This is a sample application log message.
2023-11-29 22:27:44,178 [ERROR] [NETWORK] - This is a sample network log message.
2023-11-29 22:27:44,178 [INFO] [APPLICATION] - This is a sample application log message.
2023-11-29 22:27:44,178 [WARNING] [DATABASE] - This is a sample database log message.
2023-11-29 22:27:44,178 [WARNING] [DATABASE] - This is a sample database log message.
2023-11-29 22:27:44,178 [WARNING] [NETWORK] - This is a sample network log message.
2023-11-29 22:27:44,178 [ERROR] [DATABASE] - This is a sample database log message.
2023-11-29 22:27:44,178 [ERROR] [NETWORK] - This is a sample network log message.
2023-11-29 22:27:44,178 [WARNING] [APPLICATION] - This is a sample application log message.
2023-11-29 22:27:44,178 [WARNING] [DATABASE] - This is a sample database log message.
2023-11-29 22:27:44,178 [WARNING] [DATABASE] - This is a sample database log message.
2023-11-29 22:27:44,178 [INFO] [NETWORK] - This is a sample network log message.
2023-11-29 22:27:44,178 [ERROR] [DATABASE] - This is a sample database log message.
2023-11-29 22:27:44,178 [ERROR] [DATABASE] - This is a sample database log message.
2023-11-29 22:27:44,178 [INFO] [APPLICATION] - This is a sample application log message.
2023-11-29 22:27:44,178 [ERROR] [NETWORK] - This is a sample network log message.
2023-11-29 22:27:44,178 [WARNING] [APPLICATION] - This is a sample application log message.
2023-11-29 22:27:44,178 [INFO] [SECURITY] - This is a sample security log message.
2023-11-29 22:27:44,178 [ERROR] [NETWORK] - This is a sample network log message.
2023-11-29 22:27:44,178 [INFO] [APPLICATION] - This is a sample application log message.
2023-11-29 22:27:44,179 [WARNING] [APPLICATION] - This is a sample application log message.
2023-11-29 22:27:44,179 [ERROR] [SECURITY] - This is a sample security log message.
2023-11-29 22:28:08,799 [INFO] [APPLICATION] - This is a sample application log message.
2023-11-29 22:28:08,799 [WARNING] [DATABASE] - This is a sample database log message.
2023-11-29 22:28:08,799 [ERROR] [DATABASE] - This is a sample database log message.
2023-11-29 22:28:08,799 [ERROR] [SECURITY] - This is a sample security log message.
2023-11-29 22:28:08,799 [INFO] [NETWORK] - This is a sample network log message.
2023-11-29 22:28:08,799 [ERROR] [DATABASE] - This is a sample database log message.
2023-11-29 22:28:08,799 [INFO] [SECURITY] - This is a sample security log message.
2023-11-29 22:28:08,799 [WARNING] [DATABASE] - This is a sample database log message.
2023-11-29 22:28:08,799 [WARNING] [APPLICATION] - This is a sample application log message.
2023-11-29 22:28:08,799 [WARNING] [NETWORK] - This is a sample network log message.
2023-11-29 22:28:08,799 [INFO] [SECURITY] - This is a sample security log message.
2023-11-29 22:28:08,799 [ERROR] [SECURITY] - This is a sample security log message.
2023-11-29 22:28:08,799 [INFO] [SECURITY] - This is a sample security log message.
2023-11-29 22:28:08,799 [ERROR] [DATABASE] - This is a sample database log message.
2023-11-29 22:28:08,800 [WARNING] [SECURITY] - This is a sample security log message.
2023-11-29 22:28:08,800 [INFO] [SECURITY] - This is a sample security log message.
2023-11-29 22:28:08,800 [INFO] [APPLICATION] - This is a sample application log message.
2023-11-29 22:28:08,800 [ERROR] [APPLICATION] - This is a sample application log message.
2023-11-29 22:28:08,800 [INFO] [DATABASE] - This is a sample database log message.
2023-11-29 22:28:08,800 [ERROR] [APPLICATION] - This is a sample application log message.
2023-11-29 22:28:08,800 [INFO] [SECURITY] - This is a sample security log message.
2023-11-29 22:28:08,800 [WARNING] [NETWORK] - This is a sample network log message.
2023-11-29 22:28:08,800 [WARNING] [SECURITY] - This is a sample security log message.
2023-11-29 22:28:08,800 [WARNING] [APPLICATION] - This is a sample application log message.
2023-11-29 22:28:08,800 [WARNING] [SECURITY] - This is a sample security log message.
2023-11-29 22:28:08,800 [WARNING] [APPLICATION] - This is a sample application log message.
2023-11-29 22:28:08,800 [WARNING] [SECURITY] - This is a sample security log message.
2023-11-29 22:28:08,800 [ERROR] [DATABASE] - This is a sample database log message.
2023-11-29 22:28:08,800 [WARNING] [DATABASE] - This is a sample database log message.
2023-11-29 22:28:08,800 [WARNING] [DATABASE] - This is a sample database log message.
2023-11-29 22:28:08,800 [INFO] [SECURITY] - This is a sample security log message.
2023-11-29 22:28:08,800 [WARNING] [APPLICATION] - This is a sample application log message.
2023-11-29 22:28:08,800 [WARNING] [NETWORK] - This is a sample network log message.
2023-11-29 22:28:08,800 [WARNING] [NETWORK] - This is a sample network log message.
2023-11-29 22:28:08,800 [INFO] [NETWORK] - This is a sample network log message.
2023-11-29 22:28:08,800 [ERROR] [APPLICATION] - This is a sample application log message.
2023-11-29 22:28:08,800 [ERROR] [DATABASE] - This is a sample database log message.
2023-11-29 22:28:08,800 [ERROR] [NETWORK] - This is a sample network log message.
2023-11-29 22:28:08,800 [WARNING] [APPLICATION] - This is a sample application log message.
2023-11-29 22:28:08,801 [WARNING] [APPLICATION] - This is a sample application log message.
2023-11-29 22:28:08,801 [WARNING] [SECURITY] - This is a sample security log message.
2023-11-29 22:28:08,801 [ERROR] [NETWORK] - This is a sample network log message.
2023-11-29 22:28:08,801 [INFO] [NETWORK] - This is a sample network log message.
2023-11-29 22:28:08,801 [WARNING] [DATABASE] - This is a sample database log message.
2023-11-29 22:28:08,801 [WARNING] [SECURITY] - This is a sample security log message.
2023-11-29 22:28:08,801 [INFO] [NETWORK] - This is a sample network log message.
2023-11-29 22:28:08,801 [WARNING] [DATABASE] - This is a sample database log message.
2023-11-29 22:28:08,801 [INFO] [NETWORK] - This is a sample network log message.
2023-11-29 22:28:08,801 [ERROR] [NETWORK] - This is a sample network log message.
2023-11-29 22:28:08,801 [ERROR] [DATABASE] - This is a sample database log message.
2023-11-29 22:28:08,801 [ERROR] [SECURITY] - This is a sample security log message.
2023-11-29 22:28:08,801 [WARNING] [APPLICATION] - This is a sample application log message.
2023-11-29 22:28:08,801 [ERROR] [DATABASE] - This is a sample database log message.
2023-11-29 22:28:08,801 [WARNING] [SECURITY] - This is a sample security log message.
2023-11-29 22:28:08,801 [WARNING] [DATABASE] - This is a sample database log message.
2023-11-29 22:28:08,801 [ERROR] [NETWORK] - This is a sample network log message.
2023-11-29 22:28:08,801 [WARNING] [APPLICATION] - This is a sample application log message.
2023-11-29 22:28:08,801 [WARNING] [DATABASE] - This is a sample database log message.
2023-11-29 22:28:08,801 [INFO] [APPLICATION] - This is a sample application log message.
2023-11-29 22:28:08,801 [WARNING] [APPLICATION] - This is a sample application log message.
2023-11-29 22:28:08,801 [ERROR] [DATABASE] - This is a sample database log message.
2023-11-29 22:28:08,801 [WARNING] [SECURITY] - This is a sample security log message.
2023-11-29 22:28:08,801 [INFO] [SECURITY] - This is a sample security log message.
2023-11-29 22:28:08,801 [ERROR] [APPLICATION] - This is a sample application log message.
2023-11-29 22:28:08,801 [ERROR] [APPLICATION] - This is a sample application log message.
2023-11-29 22:28:08,801 [WARNING] [APPLICATION] - This is a sample application log message.
2023-11-29 22:28:08,801 [ERROR] [APPLICATION] - This is a sample application log message.
2023-11-29 22:28:08,802 [WARNING] [NETWORK] - This is a sample network log message.
2023-11-29 22:28:08,802 [INFO] [APPLICATION] - This is a sample application log message.
2023-11-29 22:28:08,802 [INFO] [APPLICATION] - This is a sample application log message.
2023-11-29 22:28:08,802 [ERROR] [NETWORK] - This is a sample network log message.
2023-11-29 22:28:08,802 [INFO] [NETWORK] - This is a sample network log message.
2023-11-29 22:28:08,802 [INFO] [NETWORK] - This is a sample network log message.
2023-11-29 22:28:08,802 [ERROR] [APPLICATION] - This is a sample application log message.
2023-11-29 22:28:08,802 [WARNING] [NETWORK] - This is a sample network log message.
2023-11-29 22:28:08,802 [INFO] [DATABASE] - This is a sample database log message.
2023-11-29 22:28:08,802 [ERROR] [APPLICATION] - This is a sample application log message.
2023-11-29 22:28:08,802 [ERROR] [APPLICATION] - This is a sample application log message.
2023-11-29 22:28:08,802 [INFO] [DATABASE] - This is a sample database log message.
2023-11-29 22:28:08,802 [INFO] [APPLICATION] - This is a sample application log message.
2023-11-29 22:28:08,802 [ERROR] [APPLICATION] - This is a sample application log message.
2023-11-29 22:28:08,802 [WARNING] [DATABASE] - This is a sample database log message.
2023-11-29 22:28:08,802 [ERROR] [APPLICATION] - This is a sample application log message.
2023-11-29 22:28:08,802 [INFO] [DATABASE] - This is a sample database log message.
2023-11-29 22:28:08,802 [ERROR] [SECURITY] - This is a sample security log message.
2023-11-29 22:28:08,802 [INFO] [DATABASE] - This is a sample database log message.
2023-11-29 22:28:08,802 [ERROR] [NETWORK] - This is a sample network log message.
2023-11-29 22:28:08,802 [WARNING] [DATABASE] - This is a sample database log message.
2023-11-29 22:28:08,802 [WARNING] [APPLICATION] - This is a sample application log message.
2023-11-29 22:28:08,802 [ERROR] [DATABASE] - This is a sample database log message.
2023-11-29 22:28:08,802 [INFO] [APPLICATION] - This is a sample application log message.
2023-11-29 22:28:08,802 [INFO] [NETWORK] - This is a sample network log message.
2023-11-29 22:28:08,802 [WARNING] [SECURITY] - This is a sample security log message.
2023-11-29 22:28:08,802 [ERROR] [SECURITY] - This is a sample security log message.
2023-11-29 22:28:08,802 [WARNING] [DATABASE] - This is a sample database log message.
2023-11-29 22:28:08,803 [INFO] [APPLICATION] - This is a sample application log message.
2023-11-29 22:28:08,803 [ERROR] [SECURITY] - This is a sample security log message.
2023-11-29 22:28:08,803 [INFO] [DATABASE] - This is a sample database log message.
2023-11-29 22:28:08,803 [ERROR] [NETWORK] - This is a sample network log message.
2023-11-29 22:28:08,803 [ERROR] [DATABASE] - This is a sample database log message.
2023-11-29 22:28:44,403 [INFO] [NETWORK] - This is a sample network log message.
2023-11-29 22:28:44,403 [ERROR] [DATABASE] - This is a sample database log message.
2023-11-29 22:28:44,403 [ERROR] [NETWORK] - This is a sample network log message.
2023-11-29 22:28:44,403 [ERROR] [DATABASE] - This is a sample database log message.
2023-11-29 22:28:44,403 [INFO] [DATABASE] - This is a sample database log message.
2023-11-29 22:28:44,403 [ERROR] [APPLICATION] - This is a sample application log message.
2023-11-29 22:28:44,403 [INFO] [APPLICATION] - This is a sample application log message.
2023-11-29 22:28:44,404 [WARNING] [DATABASE] - This is a sample database log message.
2023-11-29 22:28:44,404 [ERROR] [APPLICATION] - This is a sample application log message.
2023-11-29 22:28:44,404 [INFO] [APPLICATION] - This is a sample application log message.
2023-11-29 22:28:44,404 [WARNING] [APPLICATION] - This is a sample application log message.
2023-11-29 22:28:44,404 [INFO] [APPLICATION] - This is a sample application log message.
2023-11-29 22:28:44,404 [WARNING] [NETWORK] - This is a sample network log message.
2023-11-29 22:28:44,404 [WARNING] [SECURITY] - This is a sample security log message.
2023-11-29 22:28:44,404 [INFO] [SECURITY] - This is a sample security log message.
2023-11-29 22:28:44,404 [INFO] [SECURITY] - This is a sample security log message.
2023-11-29 22:28:44,404 [ERROR] [APPLICATION] - This is a sample application log message.
2023-11-29 22:28:44,404 [WARNING] [NETWORK] - This is a sample network log message.
2023-11-29 22:28:44,404 [WARNING] [NETWORK] - This is a sample network log message.
2023-11-29 22:28:44,405 [INFO] [SECURITY] - This is a sample security log message.
2023-11-29 22:28:44,405 [INFO] [SECURITY] - This is a sample security log message.
2023-11-29 22:28:44,405 [WARNING] [SECURITY] - This is a sample security log message.
2023-11-29 22:28:44,405 [INFO] [APPLICATION] - This is a sample application log message.
2023-11-29 22:28:44,405 [INFO] [APPLICATION] - This is a sample application log message.
2023-11-29 22:28:44,405 [ERROR] [APPLICATION] - This is a sample application log message.
2023-11-29 22:28:44,405 [ERROR] [NETWORK] - This is a sample network log message.
2023-11-29 22:28:44,405 [WARNING] [NETWORK] - This is a sample network log message.
2023-11-29 22:28:44,405 [ERROR] [DATABASE] - This is a sample database log message.
2023-11-29 22:28:44,405 [WARNING] [APPLICATION] - This is a sample application log message.
2023-11-29 22:28:44,405 [INFO] [SECURITY] - This is a sample security log message.
2023-11-29 22:28:44,405 [ERROR] [DATABASE] - This is a sample database log message.
2023-11-29 22:28:44,405 [WARNING] [SECURITY] - This is a sample security log message.
2023-11-29 22:28:44,405 [INFO] [DATABASE] - This is a sample database log message.
2023-11-29 22:28:44,405 [WARNING] [SECURITY] - This is a sample security log message.
2023-11-29 22:28:44,405 [INFO] [DATABASE] - This is a sample database log message.
2023-11-29 22:28:44,406 [INFO] [APPLICATION] - This is a sample application log message.
2023-11-29 22:28:44,406 [WARNING] [SECURITY] - This is a sample security log message.
2023-11-29 22:28:44,406 [INFO] [SECURITY] - This is a sample security log message.
2023-11-29 22:28:44,406 [INFO] [DATABASE] - This is a sample database log message.
2023-11-29 22:28:44,406 [INFO] [DATABASE] - This is a sample database log message.
2023-11-29 22:28:44,406 [INFO] [NETWORK] - This is a sample network log message.
2023-11-29 22:28:44,406 [WARNING] [APPLICATION] - This is a sample application log message.
2023-11-29 22:28:44,406 [WARNING] [APPLICATION] - This is a sample application log message.
2023-11-29 22:28:44,406 [INFO] [DATABASE] - This is a sample database log message.
2023-11-29 22:28:44,406 [INFO] [NETWORK] - This is a sample network log message.
2023-11-29 22:28:44,406 [INFO] [APPLICATION] - This is a sample application log message.
2023-11-29 22:28:44,406 [INFO] [SECURITY] - This is a sample security log message.
2023-11-29 22:28:44,406 [ERROR] [NETWORK] - This is a sample network log message.
2023-11-29 22:28:44,406 [WARNING] [NETWORK] - This is a sample network log message.
2023-11-29 22:28:44,406 [INFO] [DATABASE] - This is a sample database log message.
2023-11-29 22:28:44,406 [INFO] [SECURITY] - This is a sample security log message.
2023-11-29 22:28:44,407 [WARNING] [DATABASE] - This is a sample database log message.
2023-11-29 22:28:44,407 [INFO] [APPLICATION] - This is a sample application log message.
2023-11-29 22:28:44,407 [INFO] [DATABASE] - This is a sample database log message.
2023-11-29 22:28:44,407 [WARNING] [DATABASE] - This is a sample database log message.
2023-11-29 22:28:44,407 [ERROR] [NETWORK] - This is a sample network log message.
2023-11-29 22:28:44,407 [INFO] [SECURITY] - This is a sample security log message.
2023-11-29 22:28:44,407 [WARNING] [SECURITY] - This is a sample security log message.
2023-11-29 22:28:44,407 [WARNING] [APPLICATION] - This is a sample application log message.
2023-11-29 22:28:44,407 [INFO] [NETWORK] - This is a sample network log message.
2023-11-29 22:28:44,407 [ERROR] [DATABASE] - This is a sample database log message.
2023-11-29 22:28:44,407 [INFO] [DATABASE] - This is a sample database log message.
2023-11-29 22:28:44,407 [INFO] [NETWORK] - This is a sample network log message.
2023-11-29 22:28:44,407 [ERROR] [SECURITY] - This is a sample security log message.
2023-11-29 22:28:44,407 [WARNING] [APPLICATION] - This is a sample application log message.
2023-11-29 22:28:44,407 [ERROR] [APPLICATION] - This is a sample application log message.
2023-11-29 22:28:44,407 [ERROR] [DATABASE] - This is a sample database log message.
2023-11-29 22:28:44,408 [INFO] [NETWORK] - This is a sample network log message.
2023-11-29 22:28:44,408 [INFO] [NETWORK] - This is a sample network log message.
2023-11-29 22:28:44,408 [WARNING] [APPLICATION] - This is a sample application log message.
2023-11-29 22:28:44,408 [ERROR] [APPLICATION] - This is a sample application log message.
2023-11-29 22:28:44,408 [WARNING] [NETWORK] - This is a sample network log message.
2023-11-29 22:28:44,408 [INFO] [DATABASE] - This is a sample database log message.
2023-11-29 22:28:44,408 [WARNING] [APPLICATION] - This is a sample application log message.
2023-11-29 22:28:44,408 [INFO] [NETWORK] - This is a sample network log message.
2023-11-29 22:28:44,408 [WARNING] [APPLICATION] - This is a sample application log message.
2023-11-29 22:28:44,408 [ERROR] [DATABASE] - This is a sample database log message.
2023-11-29 22:28:44,408 [ERROR] [APPLICATION] - This is a sample application log message.
2023-11-29 22:28:44,408 [WARNING] [DATABASE] - This is a sample database log message.
2023-11-29 22:28:44,408 [INFO] [NETWORK] - This is a sample network log message.
2023-11-29 22:28:44,408 [INFO] [NETWORK] - This is a sample network log message.
2023-11-29 22:28:44,408 [WARNING] [APPLICATION] - This is a sample application log message.
2023-11-29 22:28:44,409 [WARNING] [DATABASE] - This is a sample database log message.
2023-11-29 22:28:44,409 [WARNING] [DATABASE] - This is a sample database log message.
2023-11-29 22:28:44,409 [INFO] [NETWORK] - This is a sample network log message.
2023-11-29 22:28:44,409 [WARNING] [DATABASE] - This is a sample database log message.
2023-11-29 22:28:44,409 [ERROR] [DATABASE] - This is a sample database log message.
2023-11-29 22:28:44,409 [INFO] [NETWORK] - This is a sample network log message.
2023-11-29 22:28:44,409 [INFO] [SECURITY] - This is a sample security log message.
2023-11-29 22:28:44,409 [INFO] [SECURITY] - This is a sample security log message.
2023-11-29 22:28:44,409 [ERROR] [SECURITY] - This is a sample security log message.
2023-11-29 22:28:44,409 [INFO] [SECURITY] - This is a sample security log message.
2023-11-29 22:28:44,409 [INFO] [NETWORK] - This is a sample network log message.
2023-11-29 22:28:44,409 [WARNING] [DATABASE] - This is a sample database log message.
2023-11-29 22:28:44,409 [INFO] [APPLICATION] - This is a sample application log message.
2023-11-29 22:28:44,409 [WARNING] [DATABASE] - This is a sample database log message.
2023-11-29 22:28:44,409 [ERROR] [NETWORK] - This is a sample network log message.
2023-11-29 22:28:44,409 [ERROR] [SECURITY] - This is a sample security log message.
2023-11-29 22:28:44,410 [ERROR] [SECURITY] - This is a sample security log message.
2023-11-29 22:28:44,410 [ERROR] [DATABASE] - This is a sample database log message.
2023-11-29 22:48:57,188 [WARNING] [NETWORK] - This is a sample network log message.
2023-11-29 22:48:57,189 [WARNING] [DATABASE] - This is a sample database log message.
2023-11-29 22:48:57,189 [WARNING] [DATABASE] - This is a sample database log message.
2023-11-29 22:48:57,189 [WARNING] [SECURITY] - This is a sample security log message.
2023-11-29 22:48:57,189 [ERROR] [APPLICATION] - This is a sample application log message.
2023-11-29 22:48:57,189 [INFO] [DATABASE] - This is a sample database log message.
2023-11-29 22:48:57,189 [ERROR] [NETWORK] - This is a sample network log message.
2023-11-29 22:48:57,189 [WARNING] [APPLICATION] - This is a sample application log message.
2023-11-29 22:48:57,189 [WARNING] [DATABASE] - This is a sample database log message.
2023-11-29 22:48:57,189 [INFO] [NETWORK] - This is a sample network log message.
2023-11-29 22:48:57,189 [INFO] [APPLICATION] - This is a sample application log message.
2023-11-29 22:48:57,189 [ERROR] [SECURITY] - This is a sample security log message.
2023-11-29 22:48:57,189 [ERROR] [NETWORK] - This is a sample network log message.
2023-11-29 22:48:57,189 [INFO] [NETWORK] - This is a sample network log message.
2023-11-29 22:48:57,189 [WARNING] [APPLICATION] - This is a sample application log message.
2023-11-29 22:48:57,189 [WARNING] [NETWORK] - This is a sample network log message.
2023-11-29 22:48:57,189 [INFO] [APPLICATION] - This is a sample application log message.
2023-11-29 22:48:57,189 [INFO] [NETWORK] - This is a sample network log message.
2023-11-29 22:48:57,189 [ERROR] [SECURITY] - This is a sample security log message.
2023-11-29 22:48:57,189 [INFO] [NETWORK] - This is a sample network log message.
2023-11-29 22:48:57,190 [ERROR] [SECURITY] - This is a sample security log message.
2023-11-29 22:48:57,190 [ERROR] [APPLICATION] - This is a sample application log message.
2023-11-29 22:48:57,190 [INFO] [APPLICATION] - This is a sample application log message.
2023-11-29 22:48:57,190 [WARNING] [DATABASE] - This is a sample database log message.
2023-11-29 22:48:57,190 [ERROR] [APPLICATION] - This is a sample application log message.
2023-11-29 22:48:57,190 [ERROR] [APPLICATION] - This is a sample application log message.
2023-11-29 22:48:57,190 [ERROR] [NETWORK] - This is a sample network log message.
2023-11-29 22:48:57,190 [WARNING] [NETWORK] - This is a sample network log message.
2023-11-29 22:48:57,190 [INFO] [APPLICATION] - This is a sample application log message.
2023-11-29 22:48:57,190 [INFO] [SECURITY] - This is a sample security log message.
2023-11-29 22:48:57,190 [INFO] [NETWORK] - This is a sample network log message.
2023-11-29 22:48:57,190 [INFO] [APPLICATION] - This is a sample application log message.
2023-11-29 22:48:57,190 [ERROR] [DATABASE] - This is a sample database log message.
2023-11-29 22:48:57,190 [ERROR] [DATABASE] - This is a sample database log message.
2023-11-29 22:48:57,190 [INFO] [NETWORK] - This is a sample network log message.
2023-11-29 22:48:57,190 [ERROR] [APPLICATION] - This is a sample application log message.
2023-11-29 22:48:57,190 [INFO] [APPLICATION] - This is a sample application log message.
2023-11-29 22:48:57,190 [WARNING] [SECURITY] - This is a sample security log message.
2023-11-29 22:48:57,190 [INFO] [NETWORK] - This is a sample network log message.
2023-11-29 22:48:57,190 [ERROR] [NETWORK] - This is a sample network log message.
2023-11-29 22:48:57,190 [ERROR] [APPLICATION] - This is a sample application log message.
2023-11-29 22:48:57,190 [WARNING] [NETWORK] - This is a sample network log message.
2023-11-29 22:48:57,190 [INFO] [NETWORK] - This is a sample network log message.
2023-11-29 22:48:57,190 [INFO] [NETWORK] - This is a sample network log message.
2023-11-29 22:48:57,190 [INFO] [SECURITY] - This is a sample security log message.
2023-11-29 22:48:57,191 [ERROR] [DATABASE] - This is a sample database log message.
2023-11-29 22:48:57,191 [INFO] [DATABASE] - This is a sample database log message.
2023-11-29 22:48:57,191 [WARNING] [APPLICATION] - This is a sample application log message.
2023-11-29 22:48:57,191 [ERROR] [APPLICATION] - This is a sample application log message.
2023-11-29 22:48:57,191 [ERROR] [NETWORK] - This is a sample network log message.
2023-11-29 22:48:57,191 [INFO] [SECURITY] - This is a sample security log message.
2023-11-29 22:48:57,191 [WARNING] [DATABASE] - This is a sample database log message.
2023-11-29 22:48:57,191 [INFO] [DATABASE] - This is a sample database log message.
2023-11-29 22:48:57,191 [ERROR] [NETWORK] - This is a sample network log message.
2023-11-29 22:48:57,191 [ERROR] [SECURITY] - This is a sample security log message.
2023-11-29 22:48:57,191 [WARNING] [SECURITY] - This is a sample security log message.
2023-11-29 22:48:57,191 [WARNING] [NETWORK] - This is a sample network log message.
2023-11-29 22:48:57,191 [WARNING] [NETWORK] - This is a sample network log message.
2023-11-29 22:48:57,191 [ERROR] [NETWORK] - This is a sample network log message.
2023-11-29 22:48:57,191 [INFO] [SECURITY] - This is a sample security log message.
2023-11-29 22:48:57,191 [ERROR] [APPLICATION] - This is a sample application log message.
2023-11-29 22:48:57,191 [ERROR] [DATABASE] - This is a sample database log message.
2023-11-29 22:48:57,191 [ERROR] [DATABASE] - This is a sample database log message.
2023-11-29 22:48:57,191 [INFO] [NETWORK] - This is a sample network log message.
2023-11-29 22:48:57,191 [WARNING] [DATABASE] - This is a sample database log message.
2023-11-29 22:48:57,191 [INFO] [SECURITY] - This is a sample security log message.
2023-11-29 22:48:57,191 [INFO] [SECURITY] - This is a sample security log message.
2023-11-29 22:48:57,191 [WARNING] [NETWORK] - This is a sample network log message.
2023-11-29 22:48:57,191 [ERROR] [SECURITY] - This is a sample security log message.
2023-11-29 22:48:57,191 [ERROR] [DATABASE] - This is a sample database log message.
2023-11-29 22:48:57,191 [WARNING] [DATABASE] - This is a sample database log message.
2023-11-29 22:48:57,191 [WARNING] [SECURITY] - This is a sample security log message.
2023-11-29 22:48:57,191 [ERROR] [NETWORK] - This is a sample network log message.
2023-11-29 22:48:57,191 [INFO] [SECURITY] - This is a sample security log message.
2023-11-29 22:48:57,192 [ERROR] [SECURITY] - This is a sample security log message.
2023-11-29 22:48:57,192 [WARNING] [APPLICATION] - This is a sample application log message.
2023-11-29 22:48:57,192 [ERROR] [APPLICATION] - This is a sample application log message.
2023-11-29 22:48:57,192 [WARNING] [SECURITY] - This is a sample security log message.
2023-11-29 22:48:57,192 [WARNING] [DATABASE] - This is a sample database log message.
2023-11-29 22:48:57,192 [INFO] [DATABASE] - This is a sample database log message.
2023-11-29 22:48:57,192 [WARNING] [APPLICATION] - This is a sample application log message.
2023-11-29 22:48:57,192 [ERROR] [DATABASE] - This is a sample database log message.
2023-11-29 22:48:57,192 [WARNING] [APPLICATION] - This is a sample application log message.
2023-11-29 22:48:57,192 [WARNING] [NETWORK] - This is a sample network log message.
2023-11-29 22:48:57,192 [INFO] [NETWORK] - This is a sample network log message.
2023-11-29 22:48:57,192 [WARNING] [APPLICATION] - This is a sample application log message.
2023-11-29 22:48:57,192 [ERROR] [DATABASE] - This is a sample database log message.
2023-11-29 22:48:57,192 [WARNING] [APPLICATION] - This is a sample application log message.
2023-11-29 22:48:57,192 [INFO] [NETWORK] - This is a sample network log message.
2023-11-29 22:48:57,192 [WARNING] [SECURITY] - This is a sample security log message.
2023-11-29 22:48:57,192 [INFO] [DATABASE] - This is a sample database log message.
2023-11-29 22:48:57,192 [INFO] [APPLICATION] - This is a sample application log message.
2023-11-29 22:48:57,192 [WARNING] [DATABASE] - This is a sample database log message.
2023-11-29 22:48:57,192 [WARNING] [SECURITY] - This is a sample security log message.
2023-11-29 22:48:57,192 [ERROR] [APPLICATION] - This is a sample application log message.
2023-11-29 22:48:57,192 [WARNING] [NETWORK] - This is a sample network log message.
2023-11-29 22:48:57,192 [INFO] [NETWORK] - This is a sample network log message.
2023-11-29 22:48:57,192 [WARNING] [DATABASE] - This is a sample database log message.
2023-11-29 22:48:57,192 [INFO] [APPLICATION] - This is a sample application log message.
2023-11-29 22:48:57,192 [ERROR] [NETWORK] - This is a sample network log message.
2023-11-29 22:58:31,918 [WARNING] [DATABASE] - This is a sample database log message.
2023-11-29 22:58:31,918 [INFO] [NETWORK] - This is a sample network log message.
2023-11-29 22:58:31,918 [INFO] [SECURITY] - This is a sample security log message.
2023-11-29 22:58:31,918 [ERROR] [SECURITY] - This is a sample security log message.
2023-11-29 22:58:31,918 [ERROR] [DATABASE] - This is a sample database log message.
2023-11-29 22:58:31,918 [ERROR] [DATABASE] - This is a sample database log message.
2023-11-29 22:58:31,918 [INFO] [NETWORK] - This is a sample network log message.
2023-11-29 22:58:31,918 [ERROR] [NETWORK] - This is a sample network log message.
2023-11-29 22:58:31,918 [WARNING] [NETWORK] - This is a sample network log message.
2023-11-29 22:58:31,918 [WARNING] [NETWORK] - This is a sample network log message.
2023-11-29 22:58:31,919 [WARNING] [NETWORK] - This is a sample network log message.
2023-11-29 22:58:31,919 [ERROR] [SECURITY] - This is a sample security log message.
2023-11-29 22:58:31,919 [INFO] [SECURITY] - This is a sample security log message.
2023-11-29 22:58:31,919 [INFO] [NETWORK] - This is a sample network log message.
2023-11-29 22:58:31,919 [WARNING] [SECURITY] - This is a sample security log message.
2023-11-29 22:58:31,919 [WARNING] [NETWORK] - This is a sample network log message.
2023-11-29 22:58:31,919 [WARNING] [SECURITY] - This is a sample security log message.
2023-11-29 22:58:31,919 [WARNING] [DATABASE] - This is a sample database log message.
2023-11-29 22:58:31,919 [WARNING] [DATABASE] - This is a sample database log message.
2023-11-29 22:58:31,919 [INFO] [DATABASE] - This is a sample database log message.
2023-11-29 22:58:31,919 [ERROR] [DATABASE] - This is a sample database log message.
2023-11-29 22:58:31,919 [ERROR] [SECURITY] - This is a sample security log message.
2023-11-29 22:58:31,919 [INFO] [APPLICATION] - This is a sample application log message.
2023-11-29 22:58:31,919 [ERROR] [DATABASE] - This is a sample database log message.
2023-11-29 22:58:31,919 [ERROR] [NETWORK] - This is a sample network log message.
2023-11-29 22:58:31,919 [INFO] [DATABASE] - This is a sample database log message.
2023-11-29 22:58:31,919 [WARNING] [SECURITY] - This is a sample security log message.
2023-11-29 22:58:31,919 [WARNING] [NETWORK] - This is a sample network log message.
2023-11-29 22:58:31,919 [ERROR] [APPLICATION] - This is a sample application log message.
2023-11-29 22:58:31,919 [ERROR] [APPLICATION] - This is a sample application log message.
2023-11-29 22:58:31,919 [WARNING] [SECURITY] - This is a sample security log message.
2023-11-29 22:58:31,919 [INFO] [APPLICATION] - This is a sample application log message.
2023-11-29 22:58:31,919 [INFO] [DATABASE] - This is a sample database log message.
2023-11-29 22:58:31,919 [WARNING] [APPLICATION] - This is a sample application log message.
2023-11-29 22:58:31,919 [ERROR] [DATABASE] - This is a sample database log message.
2023-11-29 22:58:31,919 [ERROR] [APPLICATION] - This is a sample application log message.
2023-11-29 22:58:31,919 [WARNING] [SECURITY] - This is a sample security log message.
2023-11-29 22:58:31,919 [ERROR] [SECURITY] - This is a sample security log message.
2023-11-29 22:58:31,919 [INFO] [APPLICATION] - This is a sample application log message.
2023-11-29 22:58:31,920 [ERROR] [APPLICATION] - This is a sample application log message.
2023-11-29 22:58:31,920 [ERROR] [DATABASE] - This is a sample database log message.
2023-11-29 22:58:31,920 [WARNING] [NETWORK] - This is a sample network log message.
2023-11-29 22:58:31,920 [INFO] [SECURITY] - This is a sample security log message.
2023-11-29 22:58:31,920 [WARNING] [APPLICATION] - This is a sample application log message.
2023-11-29 22:58:31,920 [WARNING] [NETWORK] - This is a sample network log message.
2023-11-29 22:58:31,920 [ERROR] [APPLICATION] - This is a sample application log message.
2023-11-29 22:58:31,920 [WARNING] [APPLICATION] - This is a sample application log message.
2023-11-29 22:58:31,920 [INFO] [NETWORK] - This is a sample network log message.
2023-11-29 22:58:31,920 [INFO] [NETWORK] - This is a sample network log message.
2023-11-29 22:58:31,920 [INFO] [APPLICATION] - This is a sample application log message.
2023-11-29 22:58:31,920 [ERROR] [APPLICATION] - This is a sample application log message.
2023-11-29 22:58:31,920 [WARNING] [SECURITY] - This is a sample security log message.
2023-11-29 22:58:31,920 [ERROR] [DATABASE] - This is a sample database log message.
2023-11-29 22:58:31,920 [INFO] [APPLICATION] - This is a sample application log message.
2023-11-29 22:58:31,920 [ERROR] [NETWORK] - This is a sample network log message.
2023-11-29 22:58:31,920 [WARNING] [APPLICATION] - This is a sample application log message.
2023-11-29 22:58:31,920 [INFO] [APPLICATION] - This is a sample application log message.
2023-11-29 22:58:31,920 [ERROR] [DATABASE] - This is a sample database log message.
2023-11-29 22:58:31,920 [WARNING] [SECURITY] - This is a sample security log message.
2023-11-29 22:58:31,920 [INFO] [NETWORK] - This is a sample network log message.
2023-11-29 22:58:31,920 [WARNING] [APPLICATION] - This is a sample application log message.
2023-11-29 22:58:31,920 [INFO] [DATABASE] - This is a sample database log message.
2023-11-29 22:58:31,920 [INFO] [DATABASE] - This is a sample database log message.
2023-11-29 22:58:31,920 [INFO] [SECURITY] - This is a sample security log message.
2023-11-29 22:58:31,920 [ERROR] [APPLICATION] - This is a sample application log message.
2023-11-29 22:58:31,920 [INFO] [SECURITY] - This is a sample security log message.
2023-11-29 22:58:31,920 [ERROR] [SECURITY] - This is a sample security log message.
2023-11-29 22:58:31,920 [INFO] [NETWORK] - This is a sample network log message.
2023-11-29 22:58:31,920 [WARNING] [DATABASE] - This is a sample database log message.
2023-11-29 22:58:31,921 [INFO] [SECURITY] - This is a sample security log message.
2023-11-29 22:58:31,921 [ERROR] [SECURITY] - This is a sample security log message.
2023-11-29 22:58:31,921 [WARNING] [SECURITY] - This is a sample security log message.
2023-11-29 22:58:31,921 [ERROR] [DATABASE] - This is a sample database log message.
2023-11-29 22:58:31,921 [ERROR] [SECURITY] - This is a sample security log message.
2023-11-29 22:58:31,921 [WARNING] [APPLICATION] - This is a sample application log message.
2023-11-29 22:58:31,921 [WARNING] [SECURITY] - This is a sample security log message.
2023-11-29 22:58:31,921 [ERROR] [SECURITY] - This is a sample security log message.
2023-11-29 22:58:31,921 [WARNING] [NETWORK] - This is a sample network log message.
2023-11-29 22:58:31,921 [WARNING] [NETWORK] - This is a sample network log message.
2023-11-29 22:58:31,921 [WARNING] [DATABASE] - This is a sample database log message.
2023-11-29 22:58:31,921 [WARNING] [SECURITY] - This is a sample security log message.
2023-11-29 22:58:31,921 [INFO] [DATABASE] - This is a sample database log message.
2023-11-29 22:58:31,921 [ERROR] [NETWORK] - This is a sample network log message.
2023-11-29 22:58:31,921 [ERROR] [DATABASE] - This is a sample database log message.
2023-11-29 22:58:31,921 [ERROR] [SECURITY] - This is a sample security log message.
2023-11-29 22:58:31,921 [ERROR] [APPLICATION] - This is a sample application log message.
2023-11-29 22:58:31,921 [INFO] [SECURITY] - This is a sample security log message.
2023-11-29 22:58:31,921 [ERROR] [APPLICATION] - This is a sample application log message.
2023-11-29 22:58:31,921 [ERROR] [DATABASE] - This is a sample database log message.
2023-11-29 22:58:31,921 [INFO] [SECURITY] - This is a sample security log message.
2023-11-29 22:58:31,921 [ERROR] [SECURITY] - This is a sample security log message.
2023-11-29 22:58:31,921 [INFO] [NETWORK] - This is a sample network log message.
2023-11-29 22:58:31,921 [ERROR] [SECURITY] - This is a sample security log message.
2023-11-29 22:58:31,921 [WARNING] [SECURITY] - This is a sample security log message.
2023-11-29 22:58:31,921 [WARNING] [APPLICATION] - This is a sample application log message.
2023-11-29 22:58:31,921 [ERROR] [NETWORK] - This is a sample network log message.
2023-11-29 22:58:31,921 [ERROR] [SECURITY] - This is a sample security log message.
2023-11-29 22:58:31,921 [ERROR] [APPLICATION] - This is a sample application log message.
2023-11-29 22:58:31,922 [WARNING] [SECURITY] - This is a sample security log message.
2023-11-29 22:58:31,922 [ERROR] [SECURITY] - This is a sample security log message.
2023-11-29 23:04:06,106 [INFO] [APPLICATION] - This is a sample application log message.
2023-11-29 23:04:06,106 [WARNING] [APPLICATION] - This is a sample application log message.
2023-11-29 23:04:06,106 [INFO] [DATABASE] - This is a sample database log message.
2023-11-29 23:04:06,106 [ERROR] [SECURITY] - This is a sample security log message.
2023-11-29 23:04:06,106 [WARNING] [DATABASE] - This is a sample database log message.
2023-11-29 23:04:06,106 [WARNING] [NETWORK] - This is a sample network log message.
2023-11-29 23:04:06,106 [WARNING] [DATABASE] - This is a sample database log message.
2023-11-29 23:04:06,106 [WARNING] [NETWORK] - This is a sample network log message.
2023-11-29 23:04:06,106 [ERROR] [APPLICATION] - This is a sample application log message.
2023-11-29 23:04:06,106 [ERROR] [NETWORK] - This is a sample network log message.
2023-11-29 23:04:06,106 [WARNING] [SECURITY] - This is a sample security log message.
2023-11-29 23:04:06,107 [WARNING] [APPLICATION] - This is a sample application log message.
2023-11-29 23:04:06,107 [INFO] [DATABASE] - This is a sample database log message.
2023-11-29 23:04:06,107 [ERROR] [NETWORK] - This is a sample network log message.
2023-11-29 23:04:06,107 [ERROR] [SECURITY] - This is a sample security log message.
2023-11-29 23:04:06,107 [WARNING] [SECURITY] - This is a sample security log message.
2023-11-29 23:04:06,107 [WARNING] [NETWORK] - This is a sample network log message.
2023-11-29 23:04:06,107 [INFO] [APPLICATION] - This is a sample application log message.
2023-11-29 23:04:06,107 [WARNING] [DATABASE] - This is a sample database log message.
2023-11-29 23:04:06,107 [INFO] [DATABASE] - This is a sample database log message.
2023-11-29 23:04:06,107 [ERROR] [APPLICATION] - This is a sample application log message.
2023-11-29 23:04:06,107 [WARNING] [DATABASE] - This is a sample database log message.
2023-11-29 23:04:06,107 [ERROR] [APPLICATION] - This is a sample application log message.
2023-11-29 23:04:06,107 [INFO] [DATABASE] - This is a sample database log message.
2023-11-29 23:04:06,107 [ERROR] [DATABASE] - This is a sample database log message.
2023-11-29 23:04:06,107 [INFO] [DATABASE] - This is a sample database log message.
2023-11-29 23:04:06,107 [INFO] [NETWORK] - This is a sample network log message.
2023-11-29 23:04:06,107 [WARNING] [APPLICATION] - This is a sample application log message.
2023-11-29 23:04:06,107 [ERROR] [APPLICATION] - This is a sample application log message.
2023-11-29 23:04:06,107 [INFO] [SECURITY] - This is a sample security log message.
2023-11-29 23:04:06,107 [INFO] [APPLICATION] - This is a sample application log message.
2023-11-29 23:04:06,107 [ERROR] [SECURITY] - This is a sample security log message.
2023-11-29 23:04:06,107 [ERROR] [APPLICATION] - This is a sample application log message.
2023-11-29 23:04:06,107 [INFO] [NETWORK] - This is a sample network log message.
2023-11-29 23:04:06,107 [ERROR] [DATABASE] - This is a sample database log message.
2023-11-29 23:04:06,107 [ERROR] [SECURITY] - This is a sample security log message.
2023-11-29 23:04:06,107 [ERROR] [SECURITY] - This is a sample security log message.
2023-11-29 23:04:06,107 [INFO] [DATABASE] - This is a sample database log message.
2023-11-29 23:04:06,107 [ERROR] [NETWORK] - This is a sample network log message.
2023-11-29 23:04:06,107 [WARNING] [SECURITY] - This is a sample security log message.
2023-11-29 23:04:06,107 [INFO] [SECURITY] - This is a sample security log message.
2023-11-29 23:04:06,107 [INFO] [DATABASE] - This is a sample database log message.
2023-11-29 23:04:06,107 [ERROR] [SECURITY] - This is a sample security log message.
2023-11-29 23:04:06,108 [INFO] [DATABASE] - This is a sample database log message.
2023-11-29 23:04:06,108 [ERROR] [DATABASE] - This is a sample database log message.
2023-11-29 23:04:06,108 [INFO] [SECURITY] - This is a sample security log message.
2023-11-29 23:04:06,108 [INFO] [APPLICATION] - This is a sample application log message.
2023-11-29 23:04:06,108 [INFO] [SECURITY] - This is a sample security log message.
2023-11-29 23:04:06,108 [WARNING] [SECURITY] - This is a sample security log message.
2023-11-29 23:04:06,108 [INFO] [NETWORK] - This is a sample network log message.
2023-11-29 23:04:06,108 [ERROR] [DATABASE] - This is a sample database log message.
2023-11-29 23:04:06,108 [WARNING] [NETWORK] - This is a sample network log message.
2023-11-29 23:04:06,108 [ERROR] [DATABASE] - This is a sample database log message.
2023-11-29 23:04:06,108 [INFO] [DATABASE] - This is a sample database log message.
2023-11-29 23:04:06,108 [INFO] [SECURITY] - This is a sample security log message.
2023-11-29 23:04:06,108 [ERROR] [SECURITY] - This is a sample security log message.
2023-11-29 23:04:06,108 [ERROR] [APPLICATION] - This is a sample application log message.
2023-11-29 23:04:06,108 [WARNING] [APPLICATION] - This is a sample application log message.
2023-11-29 23:04:06,108 [WARNING] [SECURITY] - This is a sample security log message.
2023-11-29 23:04:06,108 [WARNING] [APPLICATION] - This is a sample application log message.
2023-11-29 23:04:06,108 [INFO] [DATABASE] - This is a sample database log message.
2023-11-29 23:04:06,108 [INFO] [SECURITY] - This is a sample security log message.
2023-11-29 23:04:06,108 [ERROR] [SECURITY] - This is a sample security log message.
2023-11-29 23:04:06,108 [INFO] [SECURITY] - This is a sample security log message.
2023-11-29 23:04:06,108 [ERROR] [NETWORK] - This is a sample network log message.
2023-11-29 23:04:06,108 [WARNING] [SECURITY] - This is a sample security log message.
2023-11-29 23:04:06,108 [INFO] [APPLICATION] - This is a sample application log message.
2023-11-29 23:04:06,108 [WARNING] [NETWORK] - This is a sample network log message.
2023-11-29 23:04:06,108 [INFO] [APPLICATION] - This is a sample application log message.
2023-11-29 23:04:06,108 [INFO] [SECURITY] - This is a sample security log message.
2023-11-29 23:04:06,108 [ERROR] [DATABASE] - This is a sample database log message.
2023-11-29 23:04:06,108 [ERROR] [NETWORK] - This is a sample network log message.
2023-11-29 23:04:06,109 [INFO] [NETWORK] - This is a sample network log message.
2023-11-29 23:04:06,109 [ERROR] [APPLICATION] - This is a sample application log message.
2023-11-29 23:04:06,109 [INFO] [NETWORK] - This is a sample network log message.
2023-11-29 23:04:06,109 [WARNING] [SECURITY] - This is a sample security log message.
2023-11-29 23:04:06,109 [INFO] [APPLICATION] - This is a sample application log message.
2023-11-29 23:04:06,109 [INFO] [DATABASE] - This is a sample database log message.
2023-11-29 23:04:06,109 [WARNING] [NETWORK] - This is a sample network log message.
2023-11-29 23:04:06,109 [ERROR] [APPLICATION] - This is a sample application log message.
2023-11-29 23:04:06,109 [ERROR] [NETWORK] - This is a sample network log message.
2023-11-29 23:04:06,109 [WARNING] [APPLICATION] - This is a sample application log message.
2023-11-29 23:04:06,109 [INFO] [APPLICATION] - This is a sample application log message.
2023-11-29 23:04:06,109 [ERROR] [NETWORK] - This is a sample network log message.
2023-11-29 23:04:06,109 [ERROR] [NETWORK] - This is a sample network log message.
2023-11-29 23:04:06,109 [WARNING] [DATABASE] - This is a sample database log message.
2023-11-29 23:04:06,109 [WARNING] [NETWORK] - This is a sample network log message.
2023-11-29 23:04:06,109 [INFO] [APPLICATION] - This is a sample application log message.
2023-11-29 23:04:06,109 [ERROR] [SECURITY] - This is a sample security log message.
2023-11-29 23:04:06,109 [WARNING] [DATABASE] - This is a sample database log message.
2023-11-29 23:04:06,109 [ERROR] [APPLICATION] - This is a sample application log message.
2023-11-29 23:04:06,109 [ERROR] [NETWORK] - This is a sample network log message.
2023-11-29 23:04:06,109 [INFO] [DATABASE] - This is a sample database log message.
2023-11-29 23:04:06,109 [INFO] [APPLICATION] - This is a sample application log message.
2023-11-29 23:04:06,109 [WARNING] [SECURITY] - This is a sample security log message.
2023-11-29 23:04:06,109 [INFO] [SECURITY] - This is a sample security log message.
2023-11-29 23:04:06,109 [ERROR] [NETWORK] - This is a sample network log message.
2023-11-29 23:04:06,109 [WARNING] [DATABASE] - This is a sample database log message.
2023-11-29 23:04:06,109 [INFO] [APPLICATION] - This is a sample application log message.
2023-11-29 23:04:06,109 [WARNING] [DATABASE] - This is a sample database log message.
2023-11-29 23:18:12,565 [INFO] [SECURITY] - This is a sample security log message.
2023-11-29 23:18:12,565 [WARNING] [NETWORK] - This is a sample network log message.
2023-11-29 23:18:12,565 [WARNING] [DATABASE] - This is a sample database log message.
2023-11-29 23:18:12,565 [ERROR] [SECURITY] - This is a sample security log message.
2023-11-29 23:18:12,565 [ERROR] [APPLICATION] - This is a sample application log message.
2023-11-29 23:18:12,565 [ERROR] [SECURITY] - This is a sample security log message.
2023-11-29 23:18:12,565 [WARNING] [SECURITY] - This is a sample security log message.
2023-11-29 23:18:12,565 [WARNING] [NETWORK] - This is a sample network log message.
2023-11-29 23:18:12,565 [INFO] [SECURITY] - This is a sample security log message.
2023-11-29 23:18:12,565 [INFO] [NETWORK] - This is a sample network log message.
2023-11-29 23:18:12,565 [WARNING] [DATABASE] - This is a sample database log message.
2023-11-29 23:18:12,566 [WARNING] [APPLICATION] - This is a sample application log message.
2023-11-29 23:18:12,566 [ERROR] [APPLICATION] - This is a sample application log message.
2023-11-29 23:18:12,566 [ERROR] [DATABASE] - This is a sample database log message.
2023-11-29 23:18:12,566 [ERROR] [DATABASE] - This is a sample database log message.
2023-11-29 23:18:12,566 [WARNING] [SECURITY] - This is a sample security log message.
2023-11-29 23:18:12,566 [WARNING] [SECURITY] - This is a sample security log message.
2023-11-29 23:18:12,566 [ERROR] [DATABASE] - This is a sample database log message.
2023-11-29 23:18:12,566 [WARNING] [SECURITY] - This is a sample security log message.
2023-11-29 23:18:12,566 [ERROR] [DATABASE] - This is a sample database log message.
2023-11-29 23:18:12,566 [ERROR] [SECURITY] - This is a sample security log message.
2023-11-29 23:18:12,566 [ERROR] [DATABASE] - This is a sample database log message.
2023-11-29 23:18:12,566 [WARNING] [APPLICATION] - This is a sample application log message.
2023-11-29 23:18:12,566 [INFO] [APPLICATION] - This is a sample application log message.
2023-11-29 23:18:12,566 [INFO] [SECURITY] - This is a sample security log message.
2023-11-29 23:18:12,566 [WARNING] [DATABASE] - This is a sample database log message.
2023-11-29 23:18:12,567 [WARNING] [DATABASE] - This is a sample database log message.
2023-11-29 23:18:12,567 [ERROR] [NETWORK] - This is a sample network log message.
2023-11-29 23:18:12,567 [WARNING] [SECURITY] - This is a sample security log message.
2023-11-29 23:18:12,567 [WARNING] [SECURITY] - This is a sample security log message.
2023-11-29 23:18:12,567 [INFO] [APPLICATION] - This is a sample application log message.
2023-11-29 23:18:12,567 [ERROR] [DATABASE] - This is a sample database log message.
2023-11-29 23:18:12,567 [ERROR] [NETWORK] - This is a sample network log message.
2023-11-29 23:18:12,567 [ERROR] [NETWORK] - This is a sample network log message.
2023-11-29 23:18:12,567 [WARNING] [SECURITY] - This is a sample security log message.
2023-11-29 23:18:12,567 [INFO] [SECURITY] - This is a sample security log message.
2023-11-29 23:18:12,567 [INFO] [SECURITY] - This is a sample security log message.
2023-11-29 23:18:12,567 [ERROR] [DATABASE] - This is a sample database log message.
2023-11-29 23:18:12,567 [WARNING] [APPLICATION] - This is a sample application log message.
2023-11-29 23:18:12,567 [INFO] [SECURITY] - This is a sample security log message.
2023-11-29 23:18:12,567 [INFO] [DATABASE] - This is a sample database log message.
2023-11-29 23:18:12,567 [INFO] [NETWORK] - This is a sample network log message.
2023-11-29 23:18:12,567 [ERROR] [APPLICATION] - This is a sample application log message.
2023-11-29 23:18:12,567 [ERROR] [DATABASE] - This is a sample database log message.
2023-11-29 23:18:12,567 [ERROR] [SECURITY] - This is a sample security log message.
2023-11-29 23:18:12,567 [ERROR] [DATABASE] - This is a sample database log message.
2023-11-29 23:18:12,567 [ERROR] [DATABASE] - This is a sample database log message.
2023-11-29 23:18:12,567 [ERROR] [NETWORK] - This is a sample network log message.
2023-11-29 23:18:12,567 [ERROR] [SECURITY] - This is a sample security log message.
2023-11-29 23:18:12,567 [ERROR] [NETWORK] - This is a sample network log message.
2023-11-29 23:18:12,567 [INFO] [NETWORK] - This is a sample network log message.
2023-11-29 23:18:12,567 [WARNING] [APPLICATION] - This is a sample application log message.
2023-11-29 23:18:12,567 [INFO] [APPLICATION] - This is a sample application log message.
2023-11-29 23:18:12,568 [WARNING] [NETWORK] - This is a sample network log message.
2023-11-29 23:18:12,568 [ERROR] [APPLICATION] - This is a sample application log message.
2023-11-29 23:18:12,568 [WARNING] [SECURITY] - This is a sample security log message.
2023-11-29 23:18:12,568 [INFO] [NETWORK] - This is a sample network log message.
2023-11-29 23:18:12,568 [ERROR] [SECURITY] - This is a sample security log message.
2023-11-29 23:18:12,568 [WARNING] [APPLICATION] - This is a sample application log message.
2023-11-29 23:18:12,568 [INFO] [DATABASE] - This is a sample database log message.
2023-11-29 23:18:12,568 [INFO] [SECURITY] - This is a sample security log message.
2023-11-29 23:18:12,568 [ERROR] [APPLICATION] - This is a sample application log message.
2023-11-29 23:18:12,568 [INFO] [SECURITY] - This is a sample security log message.
2023-11-29 23:18:12,568 [ERROR] [SECURITY] - This is a sample security log message.
2023-11-29 23:18:12,568 [ERROR] [APPLICATION] - This is a sample application log message.
2023-11-29 23:18:12,568 [ERROR] [NETWORK] - This is a sample network log message.
2023-11-29 23:18:12,568 [ERROR] [APPLICATION] - This is a sample application log message.
2023-11-29 23:18:12,568 [ERROR] [NETWORK] - This is a sample network log message.
2023-11-29 23:18:12,568 [WARNING] [NETWORK] - This is a sample network log message.
2023-11-29 23:18:12,568 [INFO] [SECURITY] - This is a sample security log message.
2023-11-29 23:18:12,568 [ERROR] [APPLICATION] - This is a sample application log message.
2023-11-29 23:18:12,568 [INFO] [SECURITY] - This is a sample security log message.
2023-11-29 23:18:12,568 [INFO] [SECURITY] - This is a sample security log message.
2023-11-29 23:18:12,568 [INFO] [APPLICATION] - This is a sample application log message.
2023-11-29 23:18:12,568 [WARNING] [SECURITY] - This is a sample security log message.
2023-11-29 23:18:12,568 [ERROR] [APPLICATION] - This is a sample application log message.
2023-11-29 23:18:12,568 [INFO] [APPLICATION] - This is a sample application log message.
2023-11-29 23:18:12,568 [INFO] [SECURITY] - This is a sample security log message.
2023-11-29 23:18:12,568 [ERROR] [DATABASE] - This is a sample database log message.
2023-11-29 23:18:12,568 [INFO] [DATABASE] - This is a sample database log message.
2023-11-29 23:18:12,568 [WARNING] [SECURITY] - This is a sample security log message.
2023-11-29 23:18:12,568 [WARNING] [NETWORK] - This is a sample network log message.
2023-11-29 23:18:12,569 [WARNING] [NETWORK] - This is a sample network log message.
2023-11-29 23:18:12,569 [INFO] [DATABASE] - This is a sample database log message.
2023-11-29 23:18:12,569 [WARNING] [SECURITY] - This is a sample security log message.
2023-11-29 23:18:12,569 [WARNING] [SECURITY] - This is a sample security log message.
2023-11-29 23:18:12,569 [ERROR] [APPLICATION] - This is a sample application log message.
2023-11-29 23:18:12,569 [WARNING] [NETWORK] - This is a sample network log message.
2023-11-29 23:18:12,569 [WARNING] [NETWORK] - This is a sample network log message.
2023-11-29 23:18:12,569 [WARNING] [SECURITY] - This is a sample security log message.
2023-11-29 23:18:12,569 [ERROR] [APPLICATION] - This is a sample application log message.
2023-11-29 23:18:12,569 [INFO] [NETWORK] - This is a sample network log message.
2023-11-29 23:18:12,569 [INFO] [APPLICATION] - This is a sample application log message.
2023-11-29 23:18:12,569 [WARNING] [APPLICATION] - This is a sample application log message.
2023-11-29 23:18:12,569 [INFO] [APPLICATION] - This is a sample application log message.
2023-11-29 23:18:12,569 [ERROR] [DATABASE] - This is a sample database log message.
2023-11-29 23:18:12,569 [ERROR] [NETWORK] - This is a sample network log message.
2023-11-29 23:18:12,569 [INFO] [SECURITY] - This is a sample security log message.
2023-11-29 23:18:12,569 [INFO] [APPLICATION] - This is a sample application log message.
2023-11-29 23:18:12,569 [INFO] [DATABASE] - This is a sample database log message.
2023-11-29 23:29:53,682 [INFO] [DATABASE] - This is a sample database log message.
2023-11-29 23:29:53,682 [ERROR] [SECURITY] - This is a sample security log message.
2023-11-29 23:29:53,682 [WARNING] [APPLICATION] - This is a sample application log message.
2023-11-29 23:29:53,682 [WARNING] [NETWORK] - This is a sample network log message.
2023-11-29 23:29:53,682 [INFO] [SECURITY] - This is a sample security log message.
2023-11-29 23:29:53,682 [INFO] [APPLICATION] - This is a sample application log message.
2023-11-29 23:29:53,682 [ERROR] [APPLICATION] - This is a sample application log message.
2023-11-29 23:29:53,682 [INFO] [SECURITY] - This is a sample security log message.
2023-11-29 23:29:53,682 [WARNING] [APPLICATION] - This is a sample application log message.
2023-11-29 23:29:53,682 [WARNING] [SECURITY] - This is a sample security log message.
2023-11-29 23:29:53,682 [INFO] [DATABASE] - This is a sample database log message.
2023-11-29 23:29:53,682 [WARNING] [APPLICATION] - This is a sample application log message.
2023-11-29 23:29:53,682 [WARNING] [APPLICATION] - This is a sample application log message.
2023-11-29 23:29:53,682 [WARNING] [NETWORK] - This is a sample network log message.
2023-11-29 23:29:53,682 [WARNING] [APPLICATION] - This is a sample application log message.
2023-11-29 23:29:53,682 [ERROR] [DATABASE] - This is a sample database log message.
2023-11-29 23:29:53,682 [INFO] [APPLICATION] - This is a sample application log message.
2023-11-29 23:29:53,682 [INFO] [NETWORK] - This is a sample network log message.
2023-11-29 23:29:53,682 [ERROR] [APPLICATION] - This is a sample application log message.
2023-11-29 23:29:53,683 [WARNING] [APPLICATION] - This is a sample application log message.
2023-11-29 23:29:53,683 [WARNING] [DATABASE] - This is a sample database log message.
2023-11-29 23:29:53,683 [ERROR] [APPLICATION] - This is a sample application log message.
2023-11-29 23:29:53,683 [INFO] [SECURITY] - This is a sample security log message.
2023-11-29 23:29:53,683 [WARNING] [DATABASE] - This is a sample database log message.
2023-11-29 23:29:53,683 [WARNING] [APPLICATION] - This is a sample application log message.
2023-11-29 23:29:53,683 [INFO] [SECURITY] - This is a sample security log message.
2023-11-29 23:29:53,683 [INFO] [SECURITY] - This is a sample security log message.
2023-11-29 23:29:53,683 [ERROR] [SECURITY] - This is a sample security log message.
2023-11-29 23:29:53,683 [ERROR] [SECURITY] - This is a sample security log message.
2023-11-29 23:29:53,683 [INFO] [DATABASE] - This is a sample database log message.
2023-11-29 23:29:53,683 [INFO] [APPLICATION] - This is a sample application log message.
2023-11-29 23:29:53,683 [INFO] [APPLICATION] - This is a sample application log message.
2023-11-29 23:29:53,683 [ERROR] [NETWORK] - This is a sample network log message.
2023-11-29 23:29:53,683 [WARNING] [SECURITY] - This is a sample security log message.
2023-11-29 23:29:53,683 [ERROR] [NETWORK] - This is a sample network log message.
2023-11-29 23:29:53,683 [INFO] [DATABASE] - This is a sample database log message.
2023-11-29 23:29:53,683 [WARNING] [APPLICATION] - This is a sample application log message.
2023-11-29 23:29:53,683 [INFO] [DATABASE] - This is a sample database log message.
2023-11-29 23:29:53,684 [WARNING] [APPLICATION] - This is a sample application log message.
2023-11-29 23:29:53,684 [INFO] [APPLICATION] - This is a sample application log message.
2023-11-29 23:29:53,684 [WARNING] [DATABASE] - This is a sample database log message.
2023-11-29 23:29:53,684 [ERROR] [DATABASE] - This is a sample database log message.
2023-11-29 23:29:53,684 [WARNING] [SECURITY] - This is a sample security log message.
2023-11-29 23:29:53,684 [ERROR] [APPLICATION] - This is a sample application log message.
2023-11-29 23:29:53,684 [INFO] [SECURITY] - This is a sample security log message.
2023-11-29 23:29:53,684 [WARNING] [APPLICATION] - This is a sample application log message.
2023-11-29 23:29:53,684 [ERROR] [DATABASE] - This is a sample database log message.
2023-11-29 23:29:53,684 [INFO] [NETWORK] - This is a sample network log message.
2023-11-29 23:29:53,684 [ERROR] [NETWORK] - This is a sample network log message.
2023-11-29 23:29:53,684 [WARNING] [NETWORK] - This is a sample network log message.
2023-11-29 23:29:53,684 [ERROR] [SECURITY] - This is a sample security log message.
2023-11-29 23:29:53,684 [ERROR] [SECURITY] - This is a sample security log message.
2023-11-29 23:29:53,684 [INFO] [DATABASE] - This is a sample database log message.
2023-11-29 23:29:53,684 [ERROR] [NETWORK] - This is a sample network log message.
2023-11-29 23:29:53,684 [ERROR] [NETWORK] - This is a sample network log message.
2023-11-29 23:29:53,685 [ERROR] [SECURITY] - This is a sample security log message.
2023-11-29 23:29:53,685 [ERROR] [DATABASE] - This is a sample database log message.
2023-11-29 23:29:53,685 [ERROR] [SECURITY] - This is a sample security log message.
2023-11-29 23:29:53,685 [WARNING] [APPLICATION] - This is a sample application log message.
2023-11-29 23:29:53,685 [INFO] [SECURITY] - This is a sample security log message.
2023-11-29 23:29:53,685 [WARNING] [NETWORK] - This is a sample network log message.
2023-11-29 23:29:53,685 [INFO] [APPLICATION] - This is a sample application log message.
2023-11-29 23:29:53,685 [ERROR] [DATABASE] - This is a sample database log message.
2023-11-29 23:29:53,685 [INFO] [APPLICATION] - This is a sample application log message.
2023-11-29 23:29:53,685 [INFO] [SECURITY] - This is a sample security log message.
2023-11-29 23:29:53,685 [ERROR] [SECURITY] - This is a sample security log message.
2023-11-29 23:29:53,685 [WARNING] [SECURITY] - This is a sample security log message.
2023-11-29 23:29:53,685 [INFO] [APPLICATION] - This is a sample application log message.
2023-11-29 23:29:53,685 [WARNING] [DATABASE] - This is a sample database log message.
2023-11-29 23:29:53,685 [WARNING] [NETWORK] - This is a sample network log message.
2023-11-29 23:29:53,685 [ERROR] [NETWORK] - This is a sample network log message.
2023-11-29 23:29:53,685 [INFO] [APPLICATION] - This is a sample application log message.
2023-11-29 23:29:53,685 [WARNING] [SECURITY] - This is a sample security log message.
2023-11-29 23:29:53,686 [WARNING] [NETWORK] - This is a sample network log message.
2023-11-29 23:29:53,686 [ERROR] [DATABASE] - This is a sample database log message.
2023-11-29 23:29:53,686 [ERROR] [SECURITY] - This is a sample security log message.
2023-11-29 23:29:53,686 [INFO] [SECURITY] - This is a sample security log message.
2023-11-29 23:29:53,686 [ERROR] [NETWORK] - This is a sample network log message.
2023-11-29 23:29:53,686 [ERROR] [APPLICATION] - This is a sample application log message.
2023-11-29 23:29:53,686 [WARNING] [APPLICATION] - This is a sample application log message.
2023-11-29 23:29:53,686 [ERROR] [SECURITY] - This is a sample security log message.
2023-11-29 23:29:53,686 [INFO] [APPLICATION] - This is a sample application log message.
2023-11-29 23:29:53,686 [WARNING] [NETWORK] - This is a sample network log message.
2023-11-29 23:29:53,686 [ERROR] [SECURITY] - This is a sample security log message.
2023-11-29 23:29:53,686 [WARNING] [NETWORK] - This is a sample network log message.
2023-11-29 23:29:53,686 [INFO] [DATABASE] - This is a sample database log message.
2023-11-29 23:29:53,686 [WARNING] [NETWORK] - This is a sample network log message.
2023-11-29 23:29:53,686 [INFO] [DATABASE] - This is a sample database log message.
2023-11-29 23:29:53,686 [ERROR] [NETWORK] - This is a sample network log message.
2023-11-29 23:29:53,686 [INFO] [SECURITY] - This is a sample security log message.
2023-11-29 23:29:53,686 [ERROR] [NETWORK] - This is a sample network log message.
2023-11-29 23:29:53,687 [INFO] [APPLICATION] - This is a sample application log message.
2023-11-29 23:29:53,687 [INFO] [SECURITY] - This is a sample security log message.
2023-11-29 23:29:53,687 [INFO] [SECURITY] - This is a sample security log message.
2023-11-29 23:29:53,687 [WARNING] [DATABASE] - This is a sample database log message.
2023-11-29 23:29:53,687 [WARNING] [NETWORK] - This is a sample network log message.
2023-11-29 23:29:53,687 [ERROR] [DATABASE] - This is a sample database log message.
2023-11-29 23:29:53,687 [WARNING] [NETWORK] - This is a sample network log message.
2023-11-29 23:29:53,687 [INFO] [SECURITY] - This is a sample security log message.
2023-11-29 23:29:53,687 [WARNING] [APPLICATION] - This is a sample application log message.
2023-11-29 23:34:26,431 [ERROR] [APPLICATION] - This is a sample application log message.
2023-11-29 23:34:26,431 [ERROR] [DATABASE] - This is a sample database log message.
2023-11-29 23:34:26,431 [INFO] [DATABASE] - This is a sample database log message.
2023-11-29 23:34:26,431 [INFO] [DATABASE] - This is a sample database log message.
2023-11-29 23:34:26,432 [INFO] [NETWORK] - This is a sample network log message.
2023-11-29 23:34:26,432 [WARNING] [DATABASE] - This is a sample database log message.
2023-11-29 23:34:26,432 [INFO] [SECURITY] - This is a sample security log message.
2023-11-29 23:34:26,432 [INFO] [SECURITY] - This is a sample security log message.
2023-11-29 23:34:26,432 [ERROR] [DATABASE] - This is a sample database log message.
2023-11-29 23:34:26,432 [ERROR] [NETWORK] - This is a sample network log message.
2023-11-29 23:34:26,432 [ERROR] [NETWORK] - This is a sample network log message.
2023-11-29 23:34:26,432 [WARNING] [SECURITY] - This is a sample security log message.
2023-11-29 23:34:26,432 [INFO] [SECURITY] - This is a sample security log message.
2023-11-29 23:34:26,432 [WARNING] [SECURITY] - This is a sample security log message.
2023-11-29 23:34:26,432 [INFO] [APPLICATION] - This is a sample application log message.
2023-11-29 23:34:26,432 [ERROR] [NETWORK] - This is a sample network log message.
2023-11-29 23:34:26,432 [ERROR] [NETWORK] - This is a sample network log message.
2023-11-29 23:34:26,432 [WARNING] [APPLICATION] - This is a sample application log message.
2023-11-29 23:34:26,432 [ERROR] [SECURITY] - This is a sample security log message.
2023-11-29 23:34:26,432 [ERROR] [APPLICATION] - This is a sample application log message.
2023-11-29 23:34:26,432 [ERROR] [SECURITY] - This is a sample security log message.
2023-11-29 23:34:26,432 [INFO] [APPLICATION] - This is a sample application log message.
2023-11-29 23:34:26,432 [ERROR] [NETWORK] - This is a sample network log message.
2023-11-29 23:34:26,432 [ERROR] [SECURITY] - This is a sample security log message.
2023-11-29 23:34:26,432 [ERROR] [NETWORK] - This is a sample network log message.
2023-11-29 23:34:26,432 [ERROR] [SECURITY] - This is a sample security log message.
2023-11-29 23:34:26,432 [ERROR] [SECURITY] - This is a sample security log message.
2023-11-29 23:34:26,432 [ERROR] [APPLICATION] - This is a sample application log message.
2023-11-29 23:34:26,432 [WARNING] [NETWORK] - This is a sample network log message.
2023-11-29 23:34:26,432 [INFO] [APPLICATION] - This is a sample application log message.
2023-11-29 23:34:26,432 [INFO] [APPLICATION] - This is a sample application log message.
2023-11-29 23:34:26,432 [ERROR] [SECURITY] - This is a sample security log message.
2023-11-29 23:34:26,433 [ERROR] [NETWORK] - This is a sample network log message.
2023-11-29 23:34:26,433 [WARNING] [APPLICATION] - This is a sample application log message.
2023-11-29 23:34:26,433 [WARNING] [SECURITY] - This is a sample security log message.
2023-11-29 23:34:26,433 [ERROR] [NETWORK] - This is a sample network log message.
2023-11-29 23:34:26,433 [WARNING] [APPLICATION] - This is a sample application log message.
2023-11-29 23:34:26,433 [WARNING] [SECURITY] - This is a sample security log message.
2023-11-29 23:34:26,433 [INFO] [APPLICATION] - This is a sample application log message.
2023-11-29 23:34:26,433 [INFO] [APPLICATION] - This is a sample application log message.
2023-11-29 23:34:26,433 [ERROR] [SECURITY] - This is a sample security log message.
2023-11-29 23:34:26,433 [INFO] [NETWORK] - This is a sample network log message.
2023-11-29 23:34:26,433 [ERROR] [DATABASE] - This is a sample database log message.
2023-11-29 23:34:26,433 [INFO] [SECURITY] - This is a sample security log message.
2023-11-29 23:34:26,433 [WARNING] [NETWORK] - This is a sample network log message.
2023-11-29 23:34:26,433 [INFO] [APPLICATION] - This is a sample application log message.
2023-11-29 23:34:26,433 [ERROR] [NETWORK] - This is a sample network log message.
2023-11-29 23:34:26,433 [ERROR] [DATABASE] - This is a sample database log message.
2023-11-29 23:34:26,433 [INFO] [DATABASE] - This is a sample database log message.
2023-11-29 23:34:26,433 [INFO] [APPLICATION] - This is a sample application log message.
2023-11-29 23:34:26,433 [INFO] [NETWORK] - This is a sample network log message.
2023-11-29 23:34:26,433 [INFO] [NETWORK] - This is a sample network log message.
2023-11-29 23:34:26,433 [ERROR] [SECURITY] - This is a sample security log message.
2023-11-29 23:34:26,433 [ERROR] [SECURITY] - This is a sample security log message.
2023-11-29 23:34:26,433 [ERROR] [SECURITY] - This is a sample security log message.
2023-11-29 23:34:26,433 [ERROR] [NETWORK] - This is a sample network log message.
2023-11-29 23:34:26,433 [INFO] [DATABASE] - This is a sample database log message.
2023-11-29 23:34:26,433 [INFO] [DATABASE] - This is a sample database log message.
2023-11-29 23:34:26,433 [WARNING] [NETWORK] - This is a sample network log message.
2023-11-29 23:34:26,433 [ERROR] [DATABASE] - This is a sample database log message.
2023-11-29 23:34:26,433 [WARNING] [NETWORK] - This is a sample network log message.
2023-11-29 23:34:26,433 [WARNING] [APPLICATION] - This is a sample application log message.
2023-11-29 23:34:26,433 [INFO] [APPLICATION] - This is a sample application log message.
2023-11-29 23:34:26,433 [INFO] [SECURITY] - This is a sample security log message.
2023-11-29 23:34:26,433 [INFO] [APPLICATION] - This is a sample application log message.
2023-11-29 23:34:26,434 [INFO] [APPLICATION] - This is a sample application log message.
2023-11-29 23:34:26,434 [WARNING] [SECURITY] - This is a sample security log message.
2023-11-29 23:34:26,434 [ERROR] [APPLICATION] - This is a sample application log message.
2023-11-29 23:34:26,434 [WARNING] [SECURITY] - This is a sample security log message.
2023-11-29 23:34:26,434 [ERROR] [DATABASE] - This is a sample database log message.
2023-11-29 23:34:26,434 [INFO] [APPLICATION] - This is a sample application log message.
2023-11-29 23:34:26,434 [WARNING] [SECURITY] - This is a sample security log message.
2023-11-29 23:34:26,434 [INFO] [APPLICATION] - This is a sample application log message.
2023-11-29 23:34:26,434 [INFO] [DATABASE] - This is a sample database log message.
2023-11-29 23:34:26,434 [ERROR] [NETWORK] - This is a sample network log message.
2023-11-29 23:34:26,434 [WARNING] [DATABASE] - This is a sample database log message.
2023-11-29 23:34:26,434 [ERROR] [DATABASE] - This is a sample database log message.
2023-11-29 23:34:26,434 [WARNING] [APPLICATION] - This is a sample application log message.
2023-11-29 23:34:26,434 [INFO] [APPLICATION] - This is a sample application log message.
2023-11-29 23:34:26,434 [WARNING] [NETWORK] - This is a sample network log message.
2023-11-29 23:34:26,434 [WARNING] [SECURITY] - This is a sample security log message.
2023-11-29 23:34:26,434 [INFO] [APPLICATION] - This is a sample application log message.
2023-11-29 23:34:26,434 [INFO] [NETWORK] - This is a sample network log message.
2023-11-29 23:34:26,434 [ERROR] [SECURITY] - This is a sample security log message.
2023-11-29 23:34:26,434 [ERROR] [SECURITY] - This is a sample security log message.
2023-11-29 23:34:26,434 [INFO] [NETWORK] - This is a sample network log message.
2023-11-29 23:34:26,434 [WARNING] [SECURITY] - This is a sample security log message.
2023-11-29 23:34:26,434 [INFO] [NETWORK] - This is a sample network log message.
2023-11-29 23:34:26,434 [WARNING] [SECURITY] - This is a sample security log message.
2023-11-29 23:34:26,434 [ERROR] [SECURITY] - This is a sample security log message.
2023-11-29 23:34:26,434 [ERROR] [NETWORK] - This is a sample network log message.
2023-11-29 23:34:26,434 [ERROR] [APPLICATION] - This is a sample application log message.
2023-11-29 23:34:26,434 [WARNING] [NETWORK] - This is a sample network log message.
2023-11-29 23:34:26,434 [ERROR] [SECURITY] - This is a sample security log message.
2023-11-29 23:34:26,434 [WARNING] [NETWORK] - This is a sample network log message.
2023-11-29 23:34:26,434 [WARNING] [APPLICATION] - This is a sample application log message.
2023-11-29 23:34:26,434 [ERROR] [SECURITY] - This is a sample security log message.
2023-11-29 23:34:26,434 [ERROR] [APPLICATION] - This is a sample application log message.
2023-11-29 23:34:26,435 [ERROR] [SECURITY] - This is a sample security log message.
2023-11-29 23:34:26,435 [ERROR] [NETWORK] - This is a sample network log message.
